Copyright 1986-2022 Xilinx, Inc. All Rights Reserved. Copyright 2022-2023 Advanced Micro Devices, Inc. All Rights Reserved.
---------------------------------------------------------------------------------------------------------------------------------------------
| Tool Version : Vivado v.2023.1.1 (win64) Build 3900603 Fri Jun 16 19:31:24 MDT 2023
| Date         : Thu Jun 13 14:56:30 2024
| Host         : PC-0x1E running 64-bit major release  (build 9200)
| Command      : upgrade_ip
| Device       : xc7z010clg400-1
---------------------------------------------------------------------------------------------------------------------------------------------

Upgrade Log for IP 'mac_block_design_mac_core_0_0'

1. Summary
----------

SUCCESS in the upgrade of mac_block_design_mac_core_0_0 (xilinx.com:user:mac_core:1.0) from (Rev. 9) to (Rev. 10)






Copyright 1986-2022 Xilinx, Inc. All Rights Reserved. Copyright 2022-2023 Advanced Micro Devices, Inc. All Rights Reserved.
---------------------------------------------------------------------------------------------------------------------------------------------
| Tool Version : Vivado v.2023.1.1 (win64) Build 3900603 Fri Jun 16 19:31:24 MDT 2023
| Date         : Thu Jun 13 14:48:04 2024
| Host         : PC-0x1E running 64-bit major release  (build 9200)
| Command      : upgrade_ip
| Device       : xc7z010clg400-1
---------------------------------------------------------------------------------------------------------------------------------------------

Upgrade Log for IP 'mac_block_design_mac_core_0_0'

1. Summary
----------

CAUTION (success, with warnings) in the upgrade of mac_block_design_mac_core_0_0 (xilinx.com:user:mac_core:1.0) from (Rev. 8) to (Rev. 9)

2. Addressing Information
-------------------------

Detected addressing differences while upgrading 'mac_block_design_mac_core_0_0'. These changes may impact your design.


-Upgrade has removed address block 's_mac_core/s_mac_core_reg'







Copyright 1986-2022 Xilinx, Inc. All Rights Reserved. Copyright 2022-2023 Advanced Micro Devices, Inc. All Rights Reserved.
---------------------------------------------------------------------------------------------------------------------------------------------
| Tool Version : Vivado v.2023.1.1 (win64) Build 3900603 Fri Jun 16 19:31:24 MDT 2023
| Date         : Thu Jun 13 14:14:57 2024
| Host         : PC-0x1E running 64-bit major release  (build 9200)
| Command      : upgrade_ip
| Device       : xc7z010clg400-1
---------------------------------------------------------------------------------------------------------------------------------------------

Upgrade Log for IP 'mac_block_design_mac_core_0_0'

1. Summary
----------

SUCCESS in the upgrade of mac_block_design_mac_core_0_0 (xilinx.com:user:mac_core:1.0) from (Rev. 7) to (Rev. 8)






Copyright 1986-2022 Xilinx, Inc. All Rights Reserved. Copyright 2022-2023 Advanced Micro Devices, Inc. All Rights Reserved.
---------------------------------------------------------------------------------------------------------------------------------------------
| Tool Version : Vivado v.2023.1.1 (win64) Build 3900603 Fri Jun 16 19:31:24 MDT 2023
| Date         : Thu Jun 13 14:07:54 2024
| Host         : PC-0x1E running 64-bit major release  (build 9200)
| Command      : upgrade_ip
| Device       : xc7z010clg400-1
---------------------------------------------------------------------------------------------------------------------------------------------

Upgrade Log for IP 'mac_block_design_mac_core_0_0'

1. Summary
----------

SUCCESS in the upgrade of mac_block_design_mac_core_0_0 (xilinx.com:user:mac_core:1.0) from (Rev. 6) to (Rev. 7)






Copyright 1986-2022 Xilinx, Inc. All Rights Reserved. Copyright 2022-2023 Advanced Micro Devices, Inc. All Rights Reserved.
---------------------------------------------------------------------------------------------------------------------------------------------
| Tool Version : Vivado v.2023.1.1 (win64) Build 3900603 Fri Jun 16 19:31:24 MDT 2023
| Date         : Thu Jun 13 13:43:27 2024
| Host         : PC-0x1E running 64-bit major release  (build 9200)
| Command      : upgrade_ip
| Device       : xc7z010clg400-1
---------------------------------------------------------------------------------------------------------------------------------------------

Upgrade Log for IP 'mac_block_design_mac_core_0_0'

1. Summary
----------

SUCCESS in the upgrade of mac_block_design_mac_core_0_0 (xilinx.com:user:mac_core:1.0) from (Rev. 5) to (Rev. 6)






Copyright 1986-2022 Xilinx, Inc. All Rights Reserved. Copyright 2022-2023 Advanced Micro Devices, Inc. All Rights Reserved.
---------------------------------------------------------------------------------------------------------------------------------------------
| Tool Version : Vivado v.2023.1.1 (win64) Build 3900603 Fri Jun 16 19:31:24 MDT 2023
| Date         : Thu Jun 13 13:36:05 2024
| Host         : PC-0x1E running 64-bit major release  (build 9200)
| Command      : upgrade_ip
| Device       : xc7z010clg400-1
---------------------------------------------------------------------------------------------------------------------------------------------

Upgrade Log for IP 'mac_block_design_mac_core_0_0'

1. Summary
----------

SUCCESS in the upgrade of mac_block_design_mac_core_0_0 (xilinx.com:user:mac_core:1.0) from (Rev. 4) to (Rev. 5)






Copyright 1986-2022 Xilinx, Inc. All Rights Reserved. Copyright 2022-2023 Advanced Micro Devices, Inc. All Rights Reserved.
---------------------------------------------------------------------------------------------------------------------------------------------
| Tool Version : Vivado v.2023.1.1 (win64) Build 3900603 Fri Jun 16 19:31:24 MDT 2023
| Date         : Thu Jun 13 13:00:26 2024
| Host         : PC-0x1E running 64-bit major release  (build 9200)
| Command      : upgrade_ip
| Device       : xc7z010clg400-1
---------------------------------------------------------------------------------------------------------------------------------------------

Upgrade Log for IP 'design_1_mac_core_0_0'

1. Summary
----------

SUCCESS in the upgrade of design_1_mac_core_0_0 (xilinx.com:user:mac_core:1.0) from (Rev. 3) to (Rev. 4)

